[ 2017-06-09T09:31:13+08:00 ] 127.0.0.1 /shop/index.php/Home/Goods/goods/goods_id/16.html
INFO: [ app_init ] --START--
INFO: Run Behavior\BuildLiteBehavior [ RunTime:0.000015s ]
INFO: [ app_init ] --END-- [ RunTime:0.014456s ]
INFO: [ app_begin ] --START--
INFO: Run Behavior\ReadHtmlCacheBehavior [ RunTime:0.012475s ]
INFO: [ app_begin ] --END-- [ RunTime:0.012527s ]
ERR: 无法加载控制器:Home

[ 2017-06-09T09:32:32+08:00 ] 127.0.0.1 /shop/index.php/Home/Goods/goods/goods_id/16.html
INFO: [ app_init ] --START--
INFO: Run Behavior\BuildLiteBehavior [ RunTime:0.000011s ]
INFO: [ app_init ] --END-- [ RunTime:0.000460s ]
INFO: [ app_begin ] --START--
INFO: Run Behavior\ReadHtmlCacheBehavior [ RunTime:0.000500s ]
INFO: [ app_begin ] --END-- [ RunTime:0.000535s ]
ERR: 无法加载控制器:Home

[ 2017-06-09T09:32:55+08:00 ] 127.0.0.1 /shop/index.php/Home/Goods/goods/goods_id/16.html
INFO: [ app_init ] --START--
INFO: Run Behavior\BuildLiteBehavior [ RunTime:0.000011s ]
INFO: [ app_init ] --END-- [ RunTime:0.000490s ]
INFO: [ app_begin ] --START--
INFO: Run Behavior\ReadHtmlCacheBehavior [ RunTime:0.000566s ]
INFO: [ app_begin ] --END-- [ RunTime:0.000638s ]
SQL: SHOW COLUMNS FROM `cat` [ RunTime:0.1035s ]
SQL: SHOW COLUMNS FROM `goods` [ RunTime:0.0658s ]
SQL: SELECT * FROM `goods` WHERE `goods_id` = 16 LIMIT 1   [ RunTime:0.0546s ]
SQL: SHOW COLUMNS FROM `comment` [ RunTime:0.0418s ]
SQL: SELECT * FROM `comment` WHERE ( 1=1 AND goods_id='16' )  [ RunTime:0.0004s ]
NOTIC: [8] Undefined index: content E:\wnmp\nginx\html\shop\Home\Controller\GoodsController.class.php 第 55 行.
SQL: SELECT * FROM `cat`  [ RunTime:0.0003s ]
NOTIC: [8] Use of undefined constant parent_id - assumed 'parent_id' E:\wnmp\nginx\html\shop\Home\Controller\GoodsController.class.php 第 101 行.
SQL: SELECT * FROM `cat`  [ RunTime:0.0002s ]
NOTIC: [8] Use of undefined constant parent_id - assumed 'parent_id' E:\wnmp\nginx\html\shop\Home\Controller\GoodsController.class.php 第 101 行.
INFO: [ view_parse ] --START--
INFO: [ template_filter ] --START--
INFO: Run Behavior\ContentReplaceBehavior [ RunTime:0.005898s ]
INFO: [ template_filter ] --END-- [ RunTime:0.005974s ]
NOTIC: [8] Use of undefined constant goods_img - assumed 'goods_img' E:\wnmp\nginx\html\shop\Runtime\Cache\Home\4b285c522b6ad877f6a5a13ff3f9c885.php 第 79 行.
NOTIC: [8] Use of undefined constant goods_name - assumed 'goods_name' E:\wnmp\nginx\html\shop\Runtime\Cache\Home\4b285c522b6ad877f6a5a13ff3f9c885.php 第 79 行.
NOTIC: [8] Use of undefined constant goods_name - assumed 'goods_name' E:\wnmp\nginx\html\shop\Runtime\Cache\Home\4b285c522b6ad877f6a5a13ff3f9c885.php 第 115 行.
NOTIC: [8] Use of undefined constant goods_desc - assumed 'goods_desc' E:\wnmp\nginx\html\shop\Runtime\Cache\Home\4b285c522b6ad877f6a5a13ff3f9c885.php 第 118 行.
NOTIC: [2] Illegal string offset 'email' E:\wnmp\nginx\html\shop\Runtime\Cache\Home\4b285c522b6ad877f6a5a13ff3f9c885.php 第 1417 行.
NOTIC: [8] Uninitialized string offset: 0 E:\wnmp\nginx\html\shop\Runtime\Cache\Home\4b285c522b6ad877f6a5a13ff3f9c885.php 第 1417 行.
NOTIC: [2] Illegal string offset 'content' E:\wnmp\nginx\html\shop\Runtime\Cache\Home\4b285c522b6ad877f6a5a13ff3f9c885.php 第 1417 行.
NOTIC: [8] Uninitialized string offset: 0 E:\wnmp\nginx\html\shop\Runtime\Cache\Home\4b285c522b6ad877f6a5a13ff3f9c885.php 第 1417 行.
INFO: Run Behavior\ParseTemplateBehavior [ RunTime:0.183616s ]
INFO: [ view_parse ] --END-- [ RunTime:0.183678s ]
INFO: [ view_filter ] --START--
INFO: Run Behavior\WriteHtmlCacheBehavior [ RunTime:0.013891s ]
INFO: [ view_filter ] --END-- [ RunTime:0.013934s ]
INFO: [ app_end ] --START--
INFO: Run Behavior\ShowPageTraceBehavior [ RunTime:0.028258s ]
INFO: [ app_end ] --END-- [ RunTime:0.028315s ]

[ 2017-06-09T09:32:56+08:00 ] 127.0.0.1 /shop/index.php/Home/Goods/goods/goods_id/api/cron.php-t=1452023217
INFO: [ app_init ] --START--
INFO: Run Behavior\BuildLiteBehavior [ RunTime:0.000011s ]
INFO: [ app_init ] --END-- [ RunTime:0.000447s ]
INFO: [ app_begin ] --START--
INFO: Run Behavior\ReadHtmlCacheBehavior [ RunTime:0.000599s ]
INFO: [ app_begin ] --END-- [ RunTime:0.000639s ]
SQL: SHOW COLUMNS FROM `cat` [ RunTime:0.0040s ]
SQL: SHOW COLUMNS FROM `goods` [ RunTime:0.0037s ]
SQL: SELECT * FROM `goods` WHERE `goods_id` = 0 LIMIT 1   [ RunTime:0.0003s ]
INFO: [ view_parse ] --START--
INFO: [ template_filter ] --START--
INFO: Run Behavior\ContentReplaceBehavior [ RunTime:0.000393s ]
INFO: [ template_filter ] --END-- [ RunTime:0.000466s ]
NOTIC: [8] Use of undefined constant goods_img - assumed 'goods_img' E:\wnmp\nginx\html\shop\Runtime\Cache\Home\4b285c522b6ad877f6a5a13ff3f9c885.php 第 79 行.
NOTIC: [8] Use of undefined constant goods_name - assumed 'goods_name' E:\wnmp\nginx\html\shop\Runtime\Cache\Home\4b285c522b6ad877f6a5a13ff3f9c885.php 第 79 行.
NOTIC: [8] Use of undefined constant goods_name - assumed 'goods_name' E:\wnmp\nginx\html\shop\Runtime\Cache\Home\4b285c522b6ad877f6a5a13ff3f9c885.php 第 115 行.
NOTIC: [8] Use of undefined constant goods_desc - assumed 'goods_desc' E:\wnmp\nginx\html\shop\Runtime\Cache\Home\4b285c522b6ad877f6a5a13ff3f9c885.php 第 118 行.
NOTIC: [2] Illegal string offset 'email' E:\wnmp\nginx\html\shop\Runtime\Cache\Home\4b285c522b6ad877f6a5a13ff3f9c885.php 第 1417 行.
NOTIC: [8] Uninitialized string offset: 0 E:\wnmp\nginx\html\shop\Runtime\Cache\Home\4b285c522b6ad877f6a5a13ff3f9c885.php 第 1417 行.
NOTIC: [2] Illegal string offset 'content' E:\wnmp\nginx\html\shop\Runtime\Cache\Home\4b285c522b6ad877f6a5a13ff3f9c885.php 第 1417 行.
NOTIC: [8] Uninitialized string offset: 0 E:\wnmp\nginx\html\shop\Runtime\Cache\Home\4b285c522b6ad877f6a5a13ff3f9c885.php 第 1417 行.
INFO: Run Behavior\ParseTemplateBehavior [ RunTime:0.022778s ]
INFO: [ view_parse ] --END-- [ RunTime:0.022814s ]
INFO: [ view_filter ] --START--
INFO: Run Behavior\WriteHtmlCacheBehavior [ RunTime:0.000376s ]
INFO: [ view_filter ] --END-- [ RunTime:0.000406s ]
INFO: [ app_end ] --START--
INFO: Run Behavior\ShowPageTraceBehavior [ RunTime:0.000561s ]
INFO: [ app_end ] --END-- [ RunTime:0.000603s ]

[ 2017-06-09T09:32:57+08:00 ] 127.0.0.1 /shop/index.php/Home/Goods/goods/goods_id/api/cron.php-t=1452023217
INFO: [ app_init ] --START--
INFO: Run Behavior\BuildLiteBehavior [ RunTime:0.000024s ]
INFO: [ app_init ] --END-- [ RunTime:0.000811s ]
INFO: [ app_begin ] --START--
INFO: Run Behavior\ReadHtmlCacheBehavior [ RunTime:0.001027s ]
INFO: [ app_begin ] --END-- [ RunTime:0.001146s ]
SQL: SHOW COLUMNS FROM `cat` [ RunTime:0.0047s ]
SQL: SHOW COLUMNS FROM `goods` [ RunTime:0.0067s ]
SQL: SELECT * FROM `goods` WHERE `goods_id` = 0 LIMIT 1   [ RunTime:0.0004s ]
INFO: [ view_parse ] --START--
INFO: [ template_filter ] --START--
INFO: Run Behavior\ContentReplaceBehavior [ RunTime:0.000394s ]
INFO: [ template_filter ] --END-- [ RunTime:0.000451s ]
NOTIC: [8] Use of undefined constant goods_img - assumed 'goods_img' E:\wnmp\nginx\html\shop\Runtime\Cache\Home\4b285c522b6ad877f6a5a13ff3f9c885.php 第 79 行.
NOTIC: [8] Use of undefined constant goods_name - assumed 'goods_name' E:\wnmp\nginx\html\shop\Runtime\Cache\Home\4b285c522b6ad877f6a5a13ff3f9c885.php 第 79 行.
NOTIC: [8] Use of undefined constant goods_name - assumed 'goods_name' E:\wnmp\nginx\html\shop\Runtime\Cache\Home\4b285c522b6ad877f6a5a13ff3f9c885.php 第 115 行.
NOTIC: [8] Use of undefined constant goods_desc - assumed 'goods_desc' E:\wnmp\nginx\html\shop\Runtime\Cache\Home\4b285c522b6ad877f6a5a13ff3f9c885.php 第 118 行.
NOTIC: [2] Illegal string offset 'email' E:\wnmp\nginx\html\shop\Runtime\Cache\Home\4b285c522b6ad877f6a5a13ff3f9c885.php 第 1417 行.
NOTIC: [8] Uninitialized string offset: 0 E:\wnmp\nginx\html\shop\Runtime\Cache\Home\4b285c522b6ad877f6a5a13ff3f9c885.php 第 1417 行.
NOTIC: [2] Illegal string offset 'content' E:\wnmp\nginx\html\shop\Runtime\Cache\Home\4b285c522b6ad877f6a5a13ff3f9c885.php 第 1417 行.
NOTIC: [8] Uninitialized string offset: 0 E:\wnmp\nginx\html\shop\Runtime\Cache\Home\4b285c522b6ad877f6a5a13ff3f9c885.php 第 1417 行.
INFO: Run Behavior\ParseTemplateBehavior [ RunTime:0.035621s ]
INFO: [ view_parse ] --END-- [ RunTime:0.035665s ]
INFO: [ view_filter ] --START--
INFO: Run Behavior\WriteHtmlCacheBehavior [ RunTime:0.000500s ]
INFO: [ view_filter ] --END-- [ RunTime:0.000560s ]
INFO: [ app_end ] --START--
INFO: Run Behavior\ShowPageTraceBehavior [ RunTime:0.000870s ]
INFO: [ app_end ] --END-- [ RunTime:0.000976s ]

[ 2017-06-09T09:33:28+08:00 ] 127.0.0.1 /shop/index.php/Home/Goods/goods
INFO: [ app_init ] --START--
INFO: Run Behavior\BuildLiteBehavior [ RunTime:0.000011s ]
INFO: [ app_init ] --END-- [ RunTime:0.000522s ]
INFO: [ app_begin ] --START--
INFO: Run Behavior\ReadHtmlCacheBehavior [ RunTime:0.000496s ]
INFO: [ app_begin ] --END-- [ RunTime:0.000539s ]
SQL: SHOW COLUMNS FROM `cat` [ RunTime:0.0404s ]
SQL: SHOW COLUMNS FROM `goods` [ RunTime:0.0036s ]
SQL: SELECT * FROM `goods` WHERE `goods_id` = 0 LIMIT 1   [ RunTime:0.0004s ]
INFO: [ view_parse ] --START--
INFO: [ template_filter ] --START--
INFO: Run Behavior\ContentReplaceBehavior [ RunTime:0.000547s ]
INFO: [ template_filter ] --END-- [ RunTime:0.000595s ]
NOTIC: [8] Use of undefined constant goods_img - assumed 'goods_img' E:\wnmp\nginx\html\shop\Runtime\Cache\Home\4b285c522b6ad877f6a5a13ff3f9c885.php 第 79 行.
NOTIC: [8] Use of undefined constant goods_name - assumed 'goods_name' E:\wnmp\nginx\html\shop\Runtime\Cache\Home\4b285c522b6ad877f6a5a13ff3f9c885.php 第 79 行.
NOTIC: [8] Use of undefined constant goods_name - assumed 'goods_name' E:\wnmp\nginx\html\shop\Runtime\Cache\Home\4b285c522b6ad877f6a5a13ff3f9c885.php 第 115 行.
NOTIC: [8] Use of undefined constant goods_desc - assumed 'goods_desc' E:\wnmp\nginx\html\shop\Runtime\Cache\Home\4b285c522b6ad877f6a5a13ff3f9c885.php 第 118 行.
NOTIC: [2] Illegal string offset 'email' E:\wnmp\nginx\html\shop\Runtime\Cache\Home\4b285c522b6ad877f6a5a13ff3f9c885.php 第 1417 行.
NOTIC: [8] Uninitialized string offset: 0 E:\wnmp\nginx\html\shop\Runtime\Cache\Home\4b285c522b6ad877f6a5a13ff3f9c885.php 第 1417 行.
NOTIC: [2] Illegal string offset 'content' E:\wnmp\nginx\html\shop\Runtime\Cache\Home\4b285c522b6ad877f6a5a13ff3f9c885.php 第 1417 行.
NOTIC: [8] Uninitialized string offset: 0 E:\wnmp\nginx\html\shop\Runtime\Cache\Home\4b285c522b6ad877f6a5a13ff3f9c885.php 第 1417 行.
INFO: Run Behavior\ParseTemplateBehavior [ RunTime:0.024150s ]
INFO: [ view_parse ] --END-- [ RunTime:0.024202s ]
INFO: [ view_filter ] --START--
INFO: Run Behavior\WriteHtmlCacheBehavior [ RunTime:0.000361s ]
INFO: [ view_filter ] --END-- [ RunTime:0.000390s ]
INFO: [ app_end ] --START--
INFO: Run Behavior\ShowPageTraceBehavior [ RunTime:0.000535s ]
INFO: [ app_end ] --END-- [ RunTime:0.000578s ]

[ 2017-06-09T09:33:28+08:00 ] 127.0.0.1 /shop/index.php/Home/Goods/api/cron.php-t=1452023217
INFO: [ app_init ] --START--
INFO: Run Behavior\BuildLiteBehavior [ RunTime:0.000012s ]
INFO: [ app_init ] --END-- [ RunTime:0.000486s ]
INFO: [ app_begin ] --START--
INFO: Run Behavior\ReadHtmlCacheBehavior [ RunTime:0.000473s ]
INFO: [ app_begin ] --END-- [ RunTime:0.000516s ]
SQL: SHOW COLUMNS FROM `cat` [ RunTime:0.0051s ]
ERR: 非法操作:api

[ 2017-06-09T09:34:18+08:00 ] 127.0.0.1 /shop/index.php/Admin/Cat/catelist
INFO: [ app_init ] --START--
INFO: Run Behavior\BuildLiteBehavior [ RunTime:0.000011s ]
INFO: [ app_init ] --END-- [ RunTime:0.000476s ]
INFO: [ app_begin ] --START--
INFO: Run Behavior\ReadHtmlCacheBehavior [ RunTime:0.000510s ]
INFO: [ app_begin ] --END-- [ RunTime:0.000548s ]
ERR: 无法加载控制器:Admin

[ 2017-06-09T09:34:32+08:00 ] 127.0.0.1 /shop/index.php/Home/Goods/goods/goods_id/16.html
INFO: [ app_init ] --START--
INFO: Run Behavior\BuildLiteBehavior [ RunTime:0.000011s ]
INFO: [ app_init ] --END-- [ RunTime:0.000468s ]
INFO: [ app_begin ] --START--
INFO: Run Behavior\ReadHtmlCacheBehavior [ RunTime:0.000542s ]
INFO: [ app_begin ] --END-- [ RunTime:0.000580s ]
ERR: 无法加载控制器:Home

[ 2017-06-09T09:34:43+08:00 ] 127.0.0.1 /shop/index.php/Home/Goods/goods
INFO: [ app_init ] --START--
INFO: Run Behavior\BuildLiteBehavior [ RunTime:0.000011s ]
INFO: [ app_init ] --END-- [ RunTime:0.000449s ]
INFO: [ app_begin ] --START--
INFO: Run Behavior\ReadHtmlCacheBehavior [ RunTime:0.000501s ]
INFO: [ app_begin ] --END-- [ RunTime:0.000537s ]
ERR: 无法加载控制器:Home

[ 2017-06-09T09:34:46+08:00 ] 127.0.0.1 /shop/index.php/Home/Goods/goods
INFO: [ app_init ] --START--
INFO: Run Behavior\BuildLiteBehavior [ RunTime:0.000011s ]
INFO: [ app_init ] --END-- [ RunTime:0.000460s ]
INFO: [ app_begin ] --START--
INFO: Run Behavior\ReadHtmlCacheBehavior [ RunTime:0.000506s ]
INFO: [ app_begin ] --END-- [ RunTime:0.000542s ]
ERR: 无法加载控制器:Home

[ 2017-06-09T09:34:57+08:00 ] 127.0.0.1 /shop/index.php/Home/Goods/goods
INFO: [ app_init ] --START--
INFO: Run Behavior\BuildLiteBehavior [ RunTime:0.000012s ]
INFO: [ app_init ] --END-- [ RunTime:0.000485s ]
INFO: [ app_begin ] --START--
INFO: Run Behavior\ReadHtmlCacheBehavior [ RunTime:0.000700s ]
INFO: [ app_begin ] --END-- [ RunTime:0.000785s ]
SQL: SHOW COLUMNS FROM `cat` [ RunTime:0.0047s ]
SQL: SHOW COLUMNS FROM `goods` [ RunTime:0.0035s ]
SQL: SELECT * FROM `goods` WHERE `goods_id` = 0 LIMIT 1   [ RunTime:0.0004s ]
INFO: [ view_parse ] --START--
INFO: [ template_filter ] --START--
INFO: Run Behavior\ContentReplaceBehavior [ RunTime:0.000434s ]
INFO: [ template_filter ] --END-- [ RunTime:0.000512s ]
NOTIC: [8] Use of undefined constant goods_img - assumed 'goods_img' E:\wnmp\nginx\html\shop\Runtime\Cache\Home\4b285c522b6ad877f6a5a13ff3f9c885.php 第 79 行.
NOTIC: [8] Use of undefined constant goods_name - assumed 'goods_name' E:\wnmp\nginx\html\shop\Runtime\Cache\Home\4b285c522b6ad877f6a5a13ff3f9c885.php 第 79 行.
NOTIC: [8] Use of undefined constant goods_name - assumed 'goods_name' E:\wnmp\nginx\html\shop\Runtime\Cache\Home\4b285c522b6ad877f6a5a13ff3f9c885.php 第 115 行.
NOTIC: [8] Use of undefined constant goods_desc - assumed 'goods_desc' E:\wnmp\nginx\html\shop\Runtime\Cache\Home\4b285c522b6ad877f6a5a13ff3f9c885.php 第 118 行.
NOTIC: [2] Illegal string offset 'email' E:\wnmp\nginx\html\shop\Runtime\Cache\Home\4b285c522b6ad877f6a5a13ff3f9c885.php 第 1417 行.
NOTIC: [8] Uninitialized string offset: 0 E:\wnmp\nginx\html\shop\Runtime\Cache\Home\4b285c522b6ad877f6a5a13ff3f9c885.php 第 1417 行.
NOTIC: [2] Illegal string offset 'content' E:\wnmp\nginx\html\shop\Runtime\Cache\Home\4b285c522b6ad877f6a5a13ff3f9c885.php 第 1417 行.
NOTIC: [8] Uninitialized string offset: 0 E:\wnmp\nginx\html\shop\Runtime\Cache\Home\4b285c522b6ad877f6a5a13ff3f9c885.php 第 1417 行.
INFO: Run Behavior\ParseTemplateBehavior [ RunTime:0.024674s ]
INFO: [ view_parse ] --END-- [ RunTime:0.024715s ]
INFO: [ view_filter ] --START--
INFO: Run Behavior\WriteHtmlCacheBehavior [ RunTime:0.000499s ]
INFO: [ view_filter ] --END-- [ RunTime:0.000531s ]
INFO: [ app_end ] --START--
INFO: Run Behavior\ShowPageTraceBehavior [ RunTime:0.000588s ]
INFO: [ app_end ] --END-- [ RunTime:0.000632s ]

[ 2017-06-09T09:34:57+08:00 ] 127.0.0.1 /shop/index.php/Home/Goods/api/cron.php-t=1452023217
INFO: [ app_init ] --START--
INFO: Run Behavior\BuildLiteBehavior [ RunTime:0.000016s ]
INFO: [ app_init ] --END-- [ RunTime:0.000662s ]
INFO: [ app_begin ] --START--
INFO: Run Behavior\ReadHtmlCacheBehavior [ RunTime:0.000654s ]
INFO: [ app_begin ] --END-- [ RunTime:0.000701s ]
SQL: SHOW COLUMNS FROM `cat` [ RunTime:0.0036s ]
ERR: 非法操作:api

