[ 2017-12-26T20:39:23+08:00 ] 127.0.0.1 /shop/index.php/home/index/index
INFO: [ app_init ] --START--
INFO: Run Behavior\BuildLiteBehavior [ RunTime:0.000010s ]
INFO: [ app_init ] --END-- [ RunTime:0.000484s ]
INFO: [ app_begin ] --START--
INFO: Run Behavior\ReadHtmlCacheBehavior [ RunTime:0.000513s ]
INFO: [ app_begin ] --END-- [ RunTime:0.000560s ]
SQL: SHOW COLUMNS FROM `cat` [ RunTime:0.1763s ]
SQL: SHOW COLUMNS FROM `goods` [ RunTime:0.0788s ]
SQL: SELECT * FROM `cat`  [ RunTime:0.0004s ]
SQL: SELECT * FROM `cat`  [ RunTime:0.0002s ]
SQL: SELECT * FROM `cat`  [ RunTime:0.0002s ]
SQL: SELECT * FROM `cat`  [ RunTime:0.0003s ]
SQL: SELECT * FROM `cat`  [ RunTime:0.0002s ]
SQL: SELECT * FROM `cat`  [ RunTime:0.0002s ]
SQL: SELECT * FROM `cat`  [ RunTime:0.0002s ]
SQL: SELECT * FROM `cat`  [ RunTime:0.0002s ]
SQL: SELECT * FROM `cat`  [ RunTime:0.0002s ]
SQL: SELECT * FROM `cat`  [ RunTime:0.0002s ]
SQL: SELECT * FROM `cat`  [ RunTime:0.0002s ]
SQL: SELECT * FROM `cat`  [ RunTime:0.0002s ]
SQL: SELECT * FROM `cat`  [ RunTime:0.0002s ]
SQL: SELECT * FROM `cat`  [ RunTime:0.0002s ]
SQL: SELECT * FROM `cat`  [ RunTime:0.0002s ]
SQL: SELECT `goods_name`,`goods_id`,`shop_price`,`market_price`,`goods_img`,`is_hot` FROM `goods` WHERE ( is_hot=1 ) ORDER BY goods_id desc LIMIT 0,4   [ RunTime:0.0163s ]
NOTIC: [2] array_reverse() expects parameter 1 to be array, null given E:\wnmp\nginx\html\shop\Home\Controller\IndexController.class.php 第 19 行.
INFO: [ view_parse ] --START--
INFO: [ template_filter ] --START--
INFO: Run Behavior\ContentReplaceBehavior [ RunTime:0.000119s ]
INFO: [ template_filter ] --END-- [ RunTime:0.000157s ]
NOTIC: [8] Use of undefined constant cookie - assumed 'cookie' E:\wnmp\nginx\html\shop\Runtime\Cache\Home\2f412aae274b751dca883838bf7e7502.php 第 20 行.
NOTIC: [8] Undefined variable: Think E:\wnmp\nginx\html\shop\Runtime\Cache\Home\2f412aae274b751dca883838bf7e7502.php 第 20 行.
NOTIC: [8] Use of undefined constant username - assumed 'username' E:\wnmp\nginx\html\shop\Runtime\Cache\Home\2f412aae274b751dca883838bf7e7502.php 第 20 行.
NOTIC: D方法实例化没找到模型类Home\Model\User\UserModel
SQL: SHOW COLUMNS FROM `user` [ RunTime:0.1220s ]
SQL: SELECT * FROM `user` WHERE `user_id` = 0 LIMIT 1   [ RunTime:0.0085s ]
NOTIC: [8] Use of undefined constant parent_id - assumed 'parent_id' E:\wnmp\nginx\html\shop\Runtime\Cache\Home\2f412aae274b751dca883838bf7e7502.php 第 83 行.
NOTIC: [8] Use of undefined constant cat_id - assumed 'cat_id' E:\wnmp\nginx\html\shop\Runtime\Cache\Home\2f412aae274b751dca883838bf7e7502.php 第 84 行.
NOTIC: [8] Use of undefined constant cat_name - assumed 'cat_name' E:\wnmp\nginx\html\shop\Runtime\Cache\Home\2f412aae274b751dca883838bf7e7502.php 第 84 行.
NOTIC: [8] Use of undefined constant parent_id - assumed 'parent_id' E:\wnmp\nginx\html\shop\Runtime\Cache\Home\2f412aae274b751dca883838bf7e7502.php 第 86 行.
NOTIC: [8] Use of undefined constant cat_id - assumed 'cat_id' E:\wnmp\nginx\html\shop\Runtime\Cache\Home\2f412aae274b751dca883838bf7e7502.php 第 86 行.
NOTIC: [8] Use of undefined constant parent_id - assumed 'parent_id' E:\wnmp\nginx\html\shop\Runtime\Cache\Home\2f412aae274b751dca883838bf7e7502.php 第 86 行.
NOTIC: [8] Use of undefined constant cat_id - assumed 'cat_id' E:\wnmp\nginx\html\shop\Runtime\Cache\Home\2f412aae274b751dca883838bf7e7502.php 第 86 行.
NOTIC: [8] Use of undefined constant cat_id - assumed 'cat_id' E:\wnmp\nginx\html\shop\Runtime\Cache\Home\2f412aae274b751dca883838bf7e7502.php 第 86 行.
NOTIC: [8] Use of undefined constant parent_id - assumed 'parent_id' E:\wnmp\nginx\html\shop\Runtime\Cache\Home\2f412aae274b751dca883838bf7e7502.php 第 86 行.
NOTIC: [8] Use of undefined constant cat_id - assumed 'cat_id' E:\wnmp\nginx\html\shop\Runtime\Cache\Home\2f412aae274b751dca883838bf7e7502.php 第 86 行.
NOTIC: [8] Use of undefined constant cat_id - assumed 'cat_id' E:\wnmp\nginx\html\shop\Runtime\Cache\Home\2f412aae274b751dca883838bf7e7502.php 第 86 行.
NOTIC: [8] Use of undefined constant parent_id - assumed 'parent_id' E:\wnmp\nginx\html\shop\Runtime\Cache\Home\2f412aae274b751dca883838bf7e7502.php 第 86 行.
NOTIC: [8] Use of undefined constant cat_id - assumed 'cat_id' E:\wnmp\nginx\html\shop\Runtime\Cache\Home\2f412aae274b751dca883838bf7e7502.php 第 86 行.
NOTIC: [8] Use of undefined constant cat_id - assumed 'cat_id' E:\wnmp\nginx\html\shop\Runtime\Cache\Home\2f412aae274b751dca883838bf7e7502.php 第 86 行.
NOTIC: [8] Use of undefined constant parent_id - assumed 'parent_id' E:\wnmp\nginx\html\shop\Runtime\Cache\Home\2f412aae274b751dca883838bf7e7502.php 第 86 行.
NOTIC: [8] Use of undefined constant cat_id - assumed 'cat_id' E:\wnmp\nginx\html\shop\Runtime\Cache\Home\2f412aae274b751dca883838bf7e7502.php 第 86 行.
NOTIC: [8] Use of undefined constant cat_id - assumed 'cat_id' E:\wnmp\nginx\html\shop\Runtime\Cache\Home\2f412aae274b751dca883838bf7e7502.php 第 86 行.
NOTIC: [8] Use of undefined constant parent_id - assumed 'parent_id' E:\wnmp\nginx\html\shop\Runtime\Cache\Home\2f412aae274b751dca883838bf7e7502.php 第 86 行.
NOTIC: [8] Use of undefined constant cat_id - assumed 'cat_id' E:\wnmp\nginx\html\shop\Runtime\Cache\Home\2f412aae274b751dca883838bf7e7502.php 第 86 行.
NOTIC: [8] Use of undefined constant parent_id - assumed 'parent_id' E:\wnmp\nginx\html\shop\Runtime\Cache\Home\2f412aae274b751dca883838bf7e7502.php 第 86 行.
NOTIC: [8] Use of undefined constant cat_id - assumed 'cat_id' E:\wnmp\nginx\html\shop\Runtime\Cache\Home\2f412aae274b751dca883838bf7e7502.php 第 86 行.
NOTIC: [8] Use of undefined constant parent_id - assumed 'parent_id' E:\wnmp\nginx\html\shop\Runtime\Cache\Home\2f412aae274b751dca883838bf7e7502.php 第 86 行.
NOTIC: [8] Use of undefined constant cat_id - assumed 'cat_id' E:\wnmp\nginx\html\shop\Runtime\Cache\Home\2f412aae274b751dca883838bf7e7502.php 第 86 行.
NOTIC: [8] Use of undefined constant parent_id - assumed 'parent_id' E:\wnmp\nginx\html\shop\Runtime\Cache\Home\2f412aae274b751dca883838bf7e7502.php 第 86 行.
NOTIC: [8] Use of undefined constant cat_id - assumed 'cat_id' E:\wnmp\nginx\html\shop\Runtime\Cache\Home\2f412aae274b751dca883838bf7e7502.php 第 86 行.
NOTIC: [8] Use of undefined constant parent_id - assumed 'parent_id' E:\wnmp\nginx\html\shop\Runtime\Cache\Home\2f412aae274b751dca883838bf7e7502.php 第 86 行.
NOTIC: [8] Use of undefined constant cat_id - assumed 'cat_id' E:\wnmp\nginx\html\shop\Runtime\Cache\Home\2f412aae274b751dca883838bf7e7502.php 第 86 行.
NOTIC: [8] Use of undefined constant parent_id - assumed 'parent_id' E:\wnmp\nginx\html\shop\Runtime\Cache\Home\2f412aae274b751dca883838bf7e7502.php 第 86 行.
NOTIC: [8] Use of undefined constant cat_id - assumed 'cat_id' E:\wnmp\nginx\html\shop\Runtime\Cache\Home\2f412aae274b751dca883838bf7e7502.php 第 86 行.
NOTIC: [8] Use of undefined constant parent_id - assumed 'parent_id' E:\wnmp\nginx\html\shop\Runtime\Cache\Home\2f412aae274b751dca883838bf7e7502.php 第 86 行.
NOTIC: [8] Use of undefined constant cat_id - assumed 'cat_id' E:\wnmp\nginx\html\shop\Runtime\Cache\Home\2f412aae274b751dca883838bf7e7502.php 第 86 行.
NOTIC: [8] Use of undefined constant parent_id - assumed 'parent_id' E:\wnmp\nginx\html\shop\Runtime\Cache\Home\2f412aae274b751dca883838bf7e7502.php 第 86 行.
NOTIC: [8] Use of undefined constant cat_id - assumed 'cat_id' E:\wnmp\nginx\html\shop\Runtime\Cache\Home\2f412aae274b751dca883838bf7e7502.php 第 86 行.
NOTIC: [8] Use of undefined constant parent_id - assumed 'parent_id' E:\wnmp\nginx\html\shop\Runtime\Cache\Home\2f412aae274b751dca883838bf7e7502.php 第 86 行.
NOTIC: [8] Use of undefined constant cat_id - assumed 'cat_id' E:\wnmp\nginx\html\shop\Runtime\Cache\Home\2f412aae274b751dca883838bf7e7502.php 第 86 行.
NOTIC: [8] Use of undefined constant parent_id - assumed 'parent_id' E:\wnmp\nginx\html\shop\Runtime\Cache\Home\2f412aae274b751dca883838bf7e7502.php 第 83 行.
NOTIC: [8] Use of undefined constant parent_id - assumed 'parent_id' E:\wnmp\nginx\html\shop\Runtime\Cache\Home\2f412aae274b751dca883838bf7e7502.php 第 83 行.
NOTIC: [8] Use of undefined constant parent_id - assumed 'parent_id' E:\wnmp\nginx\html\shop\Runtime\Cache\Home\2f412aae274b751dca883838bf7e7502.php 第 83 行.
NOTIC: [8] Use of undefined constant parent_id - assumed 'parent_id' E:\wnmp\nginx\html\shop\Runtime\Cache\Home\2f412aae274b751dca883838bf7e7502.php 第 83 行.
NOTIC: [8] Use of undefined constant parent_id - assumed 'parent_id' E:\wnmp\nginx\html\shop\Runtime\Cache\Home\2f412aae274b751dca883838bf7e7502.php 第 83 行.
NOTIC: [8] Use of undefined constant cat_id - assumed 'cat_id' E:\wnmp\nginx\html\shop\Runtime\Cache\Home\2f412aae274b751dca883838bf7e7502.php 第 84 行.
NOTIC: [8] Use of undefined constant cat_name - assumed 'cat_name' E:\wnmp\nginx\html\shop\Runtime\Cache\Home\2f412aae274b751dca883838bf7e7502.php 第 84 行.
NOTIC: [8] Use of undefined constant parent_id - assumed 'parent_id' E:\wnmp\nginx\html\shop\Runtime\Cache\Home\2f412aae274b751dca883838bf7e7502.php 第 86 行.
NOTIC: [8] Use of undefined constant cat_id - assumed 'cat_id' E:\wnmp\nginx\html\shop\Runtime\Cache\Home\2f412aae274b751dca883838bf7e7502.php 第 86 行.
NOTIC: [8] Use of undefined constant parent_id - assumed 'parent_id' E:\wnmp\nginx\html\shop\Runtime\Cache\Home\2f412aae274b751dca883838bf7e7502.php 第 86 行.
NOTIC: [8] Use of undefined constant cat_id - assumed 'cat_id' E:\wnmp\nginx\html\shop\Runtime\Cache\Home\2f412aae274b751dca883838bf7e7502.php 第 86 行.
NOTIC: [8] Use of undefined constant parent_id - assumed 'parent_id' E:\wnmp\nginx\html\shop\Runtime\Cache\Home\2f412aae274b751dca883838bf7e7502.php 第 86 行.
NOTIC: [8] Use of undefined constant cat_id - assumed 'cat_id' E:\wnmp\nginx\html\shop\Runtime\Cache\Home\2f412aae274b751dca883838bf7e7502.php 第 86 行.
NOTIC: [8] Use of undefined constant parent_id - assumed 'parent_id' E:\wnmp\nginx\html\shop\Runtime\Cache\Home\2f412aae274b751dca883838bf7e7502.php 第 86 行.
NOTIC: [8] Use of undefined constant cat_id - assumed 'cat_id' E:\wnmp\nginx\html\shop\Runtime\Cache\Home\2f412aae274b751dca883838bf7e7502.php 第 86 行.
NOTIC: [8] Use of undefined constant parent_id - assumed 'parent_id' E:\wnmp\nginx\html\shop\Runtime\Cache\Home\2f412aae274b751dca883838bf7e7502.php 第 86 行.
NOTIC: [8] Use of undefined constant cat_id - assumed 'cat_id' E:\wnmp\nginx\html\shop\Runtime\Cache\Home\2f412aae274b751dca883838bf7e7502.php 第 86 行.
NOTIC: [8] Use of undefined constant parent_id - assumed 'parent_id' E:\wnmp\nginx\html\shop\Runtime\Cache\Home\2f412aae274b751dca883838bf7e7502.php 第 86 行.
NOTIC: [8] Use of undefined constant cat_id - assumed 'cat_id' E:\wnmp\nginx\html\shop\Runtime\Cache\Home\2f412aae274b751dca883838bf7e7502.php 第 86 行.
NOTIC: [8] Use of undefined constant parent_id - assumed 'parent_id' E:\wnmp\nginx\html\shop\Runtime\Cache\Home\2f412aae274b751dca883838bf7e7502.php 第 86 行.
NOTIC: [8] Use of undefined constant cat_id - assumed 'cat_id' E:\wnmp\nginx\html\shop\Runtime\Cache\Home\2f412aae274b751dca883838bf7e7502.php 第 86 行.
NOTIC: [8] Use of undefined constant cat_id - assumed 'cat_id' E:\wnmp\nginx\html\shop\Runtime\Cache\Home\2f412aae274b751dca883838bf7e7502.php 第 86 行.
NOTIC: [8] Use of undefined constant parent_id - assumed 'parent_id' E:\wnmp\nginx\html\shop\Runtime\Cache\Home\2f412aae274b751dca883838bf7e7502.php 第 86 行.
NOTIC: [8] Use of undefined constant cat_id - assumed 'cat_id' E:\wnmp\nginx\html\shop\Runtime\Cache\Home\2f412aae274b751dca883838bf7e7502.php 第 86 行.
NOTIC: [8] Use of undefined constant cat_id - assumed 'cat_id' E:\wnmp\nginx\html\shop\Runtime\Cache\Home\2f412aae274b751dca883838bf7e7502.php 第 86 行.
NOTIC: [8] Use of undefined constant parent_id - assumed 'parent_id' E:\wnmp\nginx\html\shop\Runtime\Cache\Home\2f412aae274b751dca883838bf7e7502.php 第 86 行.
NOTIC: [8] Use of undefined constant cat_id - assumed 'cat_id' E:\wnmp\nginx\html\shop\Runtime\Cache\Home\2f412aae274b751dca883838bf7e7502.php 第 86 行.
NOTIC: [8] Use of undefined constant cat_id - assumed 'cat_id' E:\wnmp\nginx\html\shop\Runtime\Cache\Home\2f412aae274b751dca883838bf7e7502.php 第 86 行.
NOTIC: [8] Use of undefined constant parent_id - assumed 'parent_id' E:\wnmp\nginx\html\shop\Runtime\Cache\Home\2f412aae274b751dca883838bf7e7502.php 第 86 行.
NOTIC: [8] Use of undefined constant cat_id - assumed 'cat_id' E:\wnmp\nginx\html\shop\Runtime\Cache\Home\2f412aae274b751dca883838bf7e7502.php 第 86 行.
NOTIC: [8] Use of undefined constant cat_id - assumed 'cat_id' E:\wnmp\nginx\html\shop\Runtime\Cache\Home\2f412aae274b751dca883838bf7e7502.php 第 86 行.
NOTIC: [8] Use of undefined constant parent_id - assumed 'parent_id' E:\wnmp\nginx\html\shop\Runtime\Cache\Home\2f412aae274b751dca883838bf7e7502.php 第 86 行.
NOTIC: [8] Use of undefined constant cat_id - assumed 'cat_id' E:\wnmp\nginx\html\shop\Runtime\Cache\Home\2f412aae274b751dca883838bf7e7502.php 第 86 行.
NOTIC: [8] Use of undefined constant parent_id - assumed 'parent_id' E:\wnmp\nginx\html\shop\Runtime\Cache\Home\2f412aae274b751dca883838bf7e7502.php 第 86 行.
NOTIC: [8] Use of undefined constant cat_id - assumed 'cat_id' E:\wnmp\nginx\html\shop\Runtime\Cache\Home\2f412aae274b751dca883838bf7e7502.php 第 86 行.
NOTIC: [8] Use of undefined constant parent_id - assumed 'parent_id' E:\wnmp\nginx\html\shop\Runtime\Cache\Home\2f412aae274b751dca883838bf7e7502.php 第 86 行.
NOTIC: [8] Use of undefined constant cat_id - assumed 'cat_id' E:\wnmp\nginx\html\shop\Runtime\Cache\Home\2f412aae274b751dca883838bf7e7502.php 第 86 行.
NOTIC: [8] Use of undefined constant parent_id - assumed 'parent_id' E:\wnmp\nginx\html\shop\Runtime\Cache\Home\2f412aae274b751dca883838bf7e7502.php 第 86 行.
NOTIC: [8] Use of undefined constant cat_id - assumed 'cat_id' E:\wnmp\nginx\html\shop\Runtime\Cache\Home\2f412aae274b751dca883838bf7e7502.php 第 86 行.
NOTIC: [8] Use of undefined constant parent_id - assumed 'parent_id' E:\wnmp\nginx\html\shop\Runtime\Cache\Home\2f412aae274b751dca883838bf7e7502.php 第 83 行.
NOTIC: [8] Use of undefined constant parent_id - assumed 'parent_id' E:\wnmp\nginx\html\shop\Runtime\Cache\Home\2f412aae274b751dca883838bf7e7502.php 第 83 行.
NOTIC: [8] Use of undefined constant parent_id - assumed 'parent_id' E:\wnmp\nginx\html\shop\Runtime\Cache\Home\2f412aae274b751dca883838bf7e7502.php 第 83 行.
NOTIC: [8] Use of undefined constant parent_id - assumed 'parent_id' E:\wnmp\nginx\html\shop\Runtime\Cache\Home\2f412aae274b751dca883838bf7e7502.php 第 83 行.
NOTIC: [8] Use of undefined constant parent_id - assumed 'parent_id' E:\wnmp\nginx\html\shop\Runtime\Cache\Home\2f412aae274b751dca883838bf7e7502.php 第 83 行.
NOTIC: [8] Use of undefined constant cat_id - assumed 'cat_id' E:\wnmp\nginx\html\shop\Runtime\Cache\Home\2f412aae274b751dca883838bf7e7502.php 第 84 行.
NOTIC: [8] Use of undefined constant cat_name - assumed 'cat_name' E:\wnmp\nginx\html\shop\Runtime\Cache\Home\2f412aae274b751dca883838bf7e7502.php 第 84 行.
NOTIC: [8] Use of undefined constant parent_id - assumed 'parent_id' E:\wnmp\nginx\html\shop\Runtime\Cache\Home\2f412aae274b751dca883838bf7e7502.php 第 86 行.
NOTIC: [8] Use of undefined constant cat_id - assumed 'cat_id' E:\wnmp\nginx\html\shop\Runtime\Cache\Home\2f412aae274b751dca883838bf7e7502.php 第 86 行.
NOTIC: [8] Use of undefined constant parent_id - assumed 'parent_id' E:\wnmp\nginx\html\shop\Runtime\Cache\Home\2f412aae274b751dca883838bf7e7502.php 第 86 行.
NOTIC: [8] Use of undefined constant cat_id - assumed 'cat_id' E:\wnmp\nginx\html\shop\Runtime\Cache\Home\2f412aae274b751dca883838bf7e7502.php 第 86 行.
NOTIC: [8] Use of undefined constant parent_id - assumed 'parent_id' E:\wnmp\nginx\html\shop\Runtime\Cache\Home\2f412aae274b751dca883838bf7e7502.php 第 86 行.
NOTIC: [8] Use of undefined constant cat_id - assumed 'cat_id' E:\wnmp\nginx\html\shop\Runtime\Cache\Home\2f412aae274b751dca883838bf7e7502.php 第 86 行.
NOTIC: [8] Use of undefined constant parent_id - assumed 'parent_id' E:\wnmp\nginx\html\shop\Runtime\Cache\Home\2f412aae274b751dca883838bf7e7502.php 第 86 行.
NOTIC: [8] Use of undefined constant cat_id - assumed 'cat_id' E:\wnmp\nginx\html\shop\Runtime\Cache\Home\2f412aae274b751dca883838bf7e7502.php 第 86 行.
NOTIC: [8] Use of undefined constant parent_id - assumed 'parent_id' E:\wnmp\nginx\html\shop\Runtime\Cache\Home\2f412aae274b751dca883838bf7e7502.php 第 86 行.
NOTIC: [8] Use of undefined constant cat_id - assumed 'cat_id' E:\wnmp\nginx\html\shop\Runtime\Cache\Home\2f412aae274b751dca883838bf7e7502.php 第 86 行.
NOTIC: [8] Use of undefined constant parent_id - assumed 'parent_id' E:\wnmp\nginx\html\shop\Runtime\Cache\Home\2f412aae274b751dca883838bf7e7502.php 第 86 行.
NOTIC: [8] Use of undefined constant cat_id - assumed 'cat_id' E:\wnmp\nginx\html\shop\Runtime\Cache\Home\2f412aae274b751dca883838bf7e7502.php 第 86 行.
NOTIC: [8] Use of undefined constant parent_id - assumed 'parent_id' E:\wnmp\nginx\html\shop\Runtime\Cache\Home\2f412aae274b751dca883838bf7e7502.php 第 86 行.
NOTIC: [8] Use of undefined constant cat_id - assumed 'cat_id' E:\wnmp\nginx\html\shop\Runtime\Cache\Home\2f412aae274b751dca883838bf7e7502.php 第 86 行.
NOTIC: [8] Use of undefined constant parent_id - assumed 'parent_id' E:\wnmp\nginx\html\shop\Runtime\Cache\Home\2f412aae274b751dca883838bf7e7502.php 第 86 行.
NOTIC: [8] Use of undefined constant cat_id - assumed 'cat_id' E:\wnmp\nginx\html\shop\Runtime\Cache\Home\2f412aae274b751dca883838bf7e7502.php 第 86 行.
NOTIC: [8] Use of undefined constant parent_id - assumed 'parent_id' E:\wnmp\nginx\html\shop\Runtime\Cache\Home\2f412aae274b751dca883838bf7e7502.php 第 86 行.
NOTIC: [8] Use of undefined constant cat_id - assumed 'cat_id' E:\wnmp\nginx\html\shop\Runtime\Cache\Home\2f412aae274b751dca883838bf7e7502.php 第 86 行.
NOTIC: [8] Use of undefined constant parent_id - assumed 'parent_id' E:\wnmp\nginx\html\shop\Runtime\Cache\Home\2f412aae274b751dca883838bf7e7502.php 第 86 行.
NOTIC: [8] Use of undefined constant cat_id - assumed 'cat_id' E:\wnmp\nginx\html\shop\Runtime\Cache\Home\2f412aae274b751dca883838bf7e7502.php 第 86 行.
NOTIC: [8] Use of undefined constant parent_id - assumed 'parent_id' E:\wnmp\nginx\html\shop\Runtime\Cache\Home\2f412aae274b751dca883838bf7e7502.php 第 86 行.
NOTIC: [8] Use of undefined constant cat_id - assumed 'cat_id' E:\wnmp\nginx\html\shop\Runtime\Cache\Home\2f412aae274b751dca883838bf7e7502.php 第 86 行.
NOTIC: [8] Use of undefined constant parent_id - assumed 'parent_id' E:\wnmp\nginx\html\shop\Runtime\Cache\Home\2f412aae274b751dca883838bf7e7502.php 第 86 行.
NOTIC: [8] Use of undefined constant cat_id - assumed 'cat_id' E:\wnmp\nginx\html\shop\Runtime\Cache\Home\2f412aae274b751dca883838bf7e7502.php 第 86 行.
NOTIC: [8] Use of undefined constant cat_id - assumed 'cat_id' E:\wnmp\nginx\html\shop\Runtime\Cache\Home\2f412aae274b751dca883838bf7e7502.php 第 86 行.
NOTIC: [8] Use of undefined constant parent_id - assumed 'parent_id' E:\wnmp\nginx\html\shop\Runtime\Cache\Home\2f412aae274b751dca883838bf7e7502.php 第 86 行.
NOTIC: [8] Use of undefined constant cat_id - assumed 'cat_id' E:\wnmp\nginx\html\shop\Runtime\Cache\Home\2f412aae274b751dca883838bf7e7502.php 第 86 行.
NOTIC: [8] Use of undefined constant cat_id - assumed 'cat_id' E:\wnmp\nginx\html\shop\Runtime\Cache\Home\2f412aae274b751dca883838bf7e7502.php 第 86 行.
NOTIC: [8] Use of undefined constant parent_id - assumed 'parent_id' E:\wnmp\nginx\html\shop\Runtime\Cache\Home\2f412aae274b751dca883838bf7e7502.php 第 86 行.
NOTIC: [8] Use of undefined constant cat_id - assumed 'cat_id' E:\wnmp\nginx\html\shop\Runtime\Cache\Home\2f412aae274b751dca883838bf7e7502.php 第 86 行.
NOTIC: [8] Use of undefined constant cat_id - assumed 'cat_id' E:\wnmp\nginx\html\shop\Runtime\Cache\Home\2f412aae274b751dca883838bf7e7502.php 第 86 行.
NOTIC: [8] Use of undefined constant parent_id - assumed 'parent_id' E:\wnmp\nginx\html\shop\Runtime\Cache\Home\2f412aae274b751dca883838bf7e7502.php 第 83 行.
NOTIC: [8] Use of undefined constant parent_id - assumed 'parent_id' E:\wnmp\nginx\html\shop\Runtime\Cache\Home\2f412aae274b751dca883838bf7e7502.php 第 83 行.
NOTIC: [8] Use of undefined constant parent_id - assumed 'parent_id' E:\wnmp\nginx\html\shop\Runtime\Cache\Home\2f412aae274b751dca883838bf7e7502.php 第 83 行.
NOTIC: [8] Use of undefined constant goods_id - assumed 'goods_id' E:\wnmp\nginx\html\shop\Runtime\Cache\Home\2f412aae274b751dca883838bf7e7502.php 第 198 行.
NOTIC: [8] Use of undefined constant goods_img - assumed 'goods_img' E:\wnmp\nginx\html\shop\Runtime\Cache\Home\2f412aae274b751dca883838bf7e7502.php 第 198 行.
NOTIC: [8] Use of undefined constant goods_name - assumed 'goods_name' E:\wnmp\nginx\html\shop\Runtime\Cache\Home\2f412aae274b751dca883838bf7e7502.php 第 198 行.
NOTIC: [8] Use of undefined constant market_price - assumed 'market_price' E:\wnmp\nginx\html\shop\Runtime\Cache\Home\2f412aae274b751dca883838bf7e7502.php 第 200 行.
NOTIC: [8] Use of undefined constant shop_price - assumed 'shop_price' E:\wnmp\nginx\html\shop\Runtime\Cache\Home\2f412aae274b751dca883838bf7e7502.php 第 201 行.
NOTIC: [8] Use of undefined constant goods_id - assumed 'goods_id' E:\wnmp\nginx\html\shop\Runtime\Cache\Home\2f412aae274b751dca883838bf7e7502.php 第 198 行.
NOTIC: [8] Use of undefined constant goods_img - assumed 'goods_img' E:\wnmp\nginx\html\shop\Runtime\Cache\Home\2f412aae274b751dca883838bf7e7502.php 第 198 行.
NOTIC: [8] Use of undefined constant goods_name - assumed 'goods_name' E:\wnmp\nginx\html\shop\Runtime\Cache\Home\2f412aae274b751dca883838bf7e7502.php 第 198 行.
NOTIC: [8] Use of undefined constant market_price - assumed 'market_price' E:\wnmp\nginx\html\shop\Runtime\Cache\Home\2f412aae274b751dca883838bf7e7502.php 第 200 行.
NOTIC: [8] Use of undefined constant shop_price - assumed 'shop_price' E:\wnmp\nginx\html\shop\Runtime\Cache\Home\2f412aae274b751dca883838bf7e7502.php 第 201 行.
NOTIC: [8] Use of undefined constant goods_id - assumed 'goods_id' E:\wnmp\nginx\html\shop\Runtime\Cache\Home\2f412aae274b751dca883838bf7e7502.php 第 198 行.
NOTIC: [8] Use of undefined constant goods_img - assumed 'goods_img' E:\wnmp\nginx\html\shop\Runtime\Cache\Home\2f412aae274b751dca883838bf7e7502.php 第 198 行.
NOTIC: [8] Use of undefined constant goods_name - assumed 'goods_name' E:\wnmp\nginx\html\shop\Runtime\Cache\Home\2f412aae274b751dca883838bf7e7502.php 第 198 行.
NOTIC: [8] Use of undefined constant market_price - assumed 'market_price' E:\wnmp\nginx\html\shop\Runtime\Cache\Home\2f412aae274b751dca883838bf7e7502.php 第 200 行.
NOTIC: [8] Use of undefined constant shop_price - assumed 'shop_price' E:\wnmp\nginx\html\shop\Runtime\Cache\Home\2f412aae274b751dca883838bf7e7502.php 第 201 行.
NOTIC: [8] Use of undefined constant goods_id - assumed 'goods_id' E:\wnmp\nginx\html\shop\Runtime\Cache\Home\2f412aae274b751dca883838bf7e7502.php 第 198 行.
NOTIC: [8] Use of undefined constant goods_img - assumed 'goods_img' E:\wnmp\nginx\html\shop\Runtime\Cache\Home\2f412aae274b751dca883838bf7e7502.php 第 198 行.
NOTIC: [8] Use of undefined constant goods_name - assumed 'goods_name' E:\wnmp\nginx\html\shop\Runtime\Cache\Home\2f412aae274b751dca883838bf7e7502.php 第 198 行.
NOTIC: [8] Use of undefined constant market_price - assumed 'market_price' E:\wnmp\nginx\html\shop\Runtime\Cache\Home\2f412aae274b751dca883838bf7e7502.php 第 200 行.
NOTIC: [8] Use of undefined constant shop_price - assumed 'shop_price' E:\wnmp\nginx\html\shop\Runtime\Cache\Home\2f412aae274b751dca883838bf7e7502.php 第 201 行.
INFO: Run Behavior\ParseTemplateBehavior [ RunTime:0.341002s ]
INFO: [ view_parse ] --END-- [ RunTime:0.341033s ]
INFO: [ view_filter ] --START--
INFO: Run Behavior\WriteHtmlCacheBehavior [ RunTime:0.000475s ]
INFO: [ view_filter ] --END-- [ RunTime:0.000514s ]
INFO: [ app_end ] --START--
INFO: Run Behavior\ShowPageTraceBehavior [ RunTime:0.000656s ]
INFO: [ app_end ] --END-- [ RunTime:0.000695s ]

[ 2017-12-26T20:39:25+08:00 ] 127.0.0.1 /shop/index.php/home/index/api/cron.php-t=1452023217
INFO: [ app_init ] --START--
INFO: Run Behavior\BuildLiteBehavior [ RunTime:0.000010s ]
INFO: [ app_init ] --END-- [ RunTime:0.000476s ]
INFO: [ app_begin ] --START--
INFO: Run Behavior\ReadHtmlCacheBehavior [ RunTime:0.000720s ]
INFO: [ app_begin ] --END-- [ RunTime:0.000771s ]
ERR: 非法操作:api

[ 2017-12-26T20:39:25+08:00 ] 127.0.0.1 /shop/index.php/home/index/themes/68ecshop_hechafree/images/sdgg.gif
INFO: [ app_init ] --START--
INFO: Run Behavior\BuildLiteBehavior [ RunTime:0.000011s ]
INFO: [ app_init ] --END-- [ RunTime:0.000462s ]

[ 2017-12-26T20:39:25+08:00 ] 127.0.0.1 /shop/index.php/home/index/animated_favicon.gif
INFO: [ app_init ] --START--
INFO: Run Behavior\BuildLiteBehavior [ RunTime:0.000012s ]
INFO: [ app_init ] --END-- [ RunTime:0.000426s ]

[ 2017-12-26T20:39:25+08:00 ] 127.0.0.1 /shop/index.php/home/index/favicon.ico
INFO: [ app_init ] --START--
INFO: Run Behavior\BuildLiteBehavior [ RunTime:0.000011s ]
INFO: [ app_init ] --END-- [ RunTime:0.000444s ]

[ 2017-12-26T20:39:28+08:00 ] 127.0.0.1 /shop/index.php/Home/Cat/Cat/cat_id/2.html
INFO: [ app_init ] --START--
INFO: Run Behavior\BuildLiteBehavior [ RunTime:0.000051s ]
INFO: [ app_init ] --END-- [ RunTime:0.000887s ]
INFO: [ app_begin ] --START--
INFO: Run Behavior\ReadHtmlCacheBehavior [ RunTime:0.000512s ]
INFO: [ app_begin ] --END-- [ RunTime:0.000551s ]
NOTIC: [8] Undefined index: p E:\wnmp\nginx\html\shop\Home\Controller\CatController.class.php 第 13 行.
SQL: SHOW COLUMNS FROM `goods` [ RunTime:0.0087s ]
SQL: SELECT `goods_id`,`goods_name`,`shop_price`,`market_price`,`goods_img` FROM `goods` WHERE ( cat_id=2 ) LIMIT 0,4   [ RunTime:0.0302s ]
SQL: SELECT COUNT(*) AS tp_count FROM `goods` WHERE ( cat_id=2 ) LIMIT 1   [ RunTime:0.0003s ]
INFO: [ view_parse ] --START--
INFO: [ template_filter ] --START--
INFO: Run Behavior\ContentReplaceBehavior [ RunTime:0.000102s ]
INFO: [ template_filter ] --END-- [ RunTime:0.000143s ]
NOTIC: [8] Use of undefined constant goods_img - assumed 'goods_img' E:\wnmp\nginx\html\shop\Runtime\Cache\Home\0048a087fb3844410cc03e83d9edb037.php 第 243 行.
NOTIC: [8] Use of undefined constant goods_name - assumed 'goods_name' E:\wnmp\nginx\html\shop\Runtime\Cache\Home\0048a087fb3844410cc03e83d9edb037.php 第 243 行.
NOTIC: [8] Use of undefined constant goods_name - assumed 'goods_name' E:\wnmp\nginx\html\shop\Runtime\Cache\Home\0048a087fb3844410cc03e83d9edb037.php 第 244 行.
NOTIC: [8] Use of undefined constant market_price - assumed 'market_price' E:\wnmp\nginx\html\shop\Runtime\Cache\Home\0048a087fb3844410cc03e83d9edb037.php 第 245 行.
NOTIC: [8] Use of undefined constant shop_price - assumed 'shop_price' E:\wnmp\nginx\html\shop\Runtime\Cache\Home\0048a087fb3844410cc03e83d9edb037.php 第 246 行.
INFO: Run Behavior\ParseTemplateBehavior [ RunTime:0.019254s ]
INFO: [ view_parse ] --END-- [ RunTime:0.019309s ]
INFO: [ view_filter ] --START--
INFO: Run Behavior\WriteHtmlCacheBehavior [ RunTime:0.000349s ]
INFO: [ view_filter ] --END-- [ RunTime:0.000378s ]
INFO: [ app_end ] --START--
INFO: Run Behavior\ShowPageTraceBehavior [ RunTime:0.000507s ]
INFO: [ app_end ] --END-- [ RunTime:0.000546s ]

[ 2017-12-26T20:39:29+08:00 ] 127.0.0.1 /shop/index.php/Home/Cat/Cat/cat_id/themes/68ecshop_hechafree/images/sdgg.gif
INFO: [ app_init ] --START--
INFO: Run Behavior\BuildLiteBehavior [ RunTime:0.000010s ]
INFO: [ app_init ] --END-- [ RunTime:0.000468s ]

[ 2017-12-26T20:39:29+08:00 ] 127.0.0.1 /shop/index.php/Home/Cat/Cat/cat_id/api/cron.php-t=1452023217
INFO: [ app_init ] --START--
INFO: Run Behavior\BuildLiteBehavior [ RunTime:0.000012s ]
INFO: [ app_init ] --END-- [ RunTime:0.000493s ]
INFO: [ app_begin ] --START--
INFO: Run Behavior\ReadHtmlCacheBehavior [ RunTime:0.001509s ]
INFO: [ app_begin ] --END-- [ RunTime:0.001566s ]
NOTIC: [8] Undefined index: p E:\wnmp\nginx\html\shop\Home\Controller\CatController.class.php 第 13 行.
SQL: SHOW COLUMNS FROM `goods` [ RunTime:0.0135s ]
ERR: 1054:Unknown column 'api' in 'where clause'
 [ SQL语句 ] : SELECT `goods_id`,`goods_name`,`shop_price`,`market_price`,`goods_img` FROM `goods` WHERE ( cat_id=api ) LIMIT 0,4  
ERR: 1054:Unknown column 'api' in 'where clause'
 [ SQL语句 ] : SELECT `goods_id`,`goods_name`,`shop_price`,`market_price`,`goods_img` FROM `goods` WHERE ( cat_id=api ) LIMIT 0,4  

[ 2017-12-26T20:39:34+08:00 ] 127.0.0.1 /shop/index.php/Home/Goods/goods/goods_id/16.html
INFO: [ app_init ] --START--
INFO: Run Behavior\BuildLiteBehavior [ RunTime:0.000010s ]
INFO: [ app_init ] --END-- [ RunTime:0.000439s ]
INFO: [ app_begin ] --START--
INFO: Run Behavior\ReadHtmlCacheBehavior [ RunTime:0.000491s ]
INFO: [ app_begin ] --END-- [ RunTime:0.000538s ]
SQL: SHOW COLUMNS FROM `cat` [ RunTime:0.0042s ]
SQL: SHOW COLUMNS FROM `goods` [ RunTime:0.0042s ]
SQL: SELECT * FROM `goods` WHERE `goods_id` = 16 LIMIT 1   [ RunTime:0.0004s ]
SQL: SHOW COLUMNS FROM `comment` [ RunTime:0.1562s ]
SQL: SELECT * FROM `comment` WHERE ( 1=1 AND goods_id='16' )  [ RunTime:0.0004s ]
NOTIC: [8] Undefined index: content E:\wnmp\nginx\html\shop\Home\Controller\GoodsController.class.php 第 55 行.
SQL: SELECT * FROM `cat`  [ RunTime:0.0002s ]
NOTIC: [8] Use of undefined constant parent_id - assumed 'parent_id' E:\wnmp\nginx\html\shop\Home\Controller\GoodsController.class.php 第 101 行.
SQL: SELECT * FROM `cat`  [ RunTime:0.0003s ]
NOTIC: [8] Use of undefined constant parent_id - assumed 'parent_id' E:\wnmp\nginx\html\shop\Home\Controller\GoodsController.class.php 第 101 行.
INFO: [ view_parse ] --START--
INFO: [ template_filter ] --START--
INFO: Run Behavior\ContentReplaceBehavior [ RunTime:0.000343s ]
INFO: [ template_filter ] --END-- [ RunTime:0.000387s ]
NOTIC: [8] Use of undefined constant goods_img - assumed 'goods_img' E:\wnmp\nginx\html\shop\Runtime\Cache\Home\4b285c522b6ad877f6a5a13ff3f9c885.php 第 79 行.
NOTIC: [8] Use of undefined constant goods_name - assumed 'goods_name' E:\wnmp\nginx\html\shop\Runtime\Cache\Home\4b285c522b6ad877f6a5a13ff3f9c885.php 第 79 行.
NOTIC: [8] Use of undefined constant goods_name - assumed 'goods_name' E:\wnmp\nginx\html\shop\Runtime\Cache\Home\4b285c522b6ad877f6a5a13ff3f9c885.php 第 115 行.
NOTIC: [8] Use of undefined constant goods_desc - assumed 'goods_desc' E:\wnmp\nginx\html\shop\Runtime\Cache\Home\4b285c522b6ad877f6a5a13ff3f9c885.php 第 118 行.
NOTIC: [2] Illegal string offset 'email' E:\wnmp\nginx\html\shop\Runtime\Cache\Home\4b285c522b6ad877f6a5a13ff3f9c885.php 第 1417 行.
NOTIC: [8] Uninitialized string offset: 0 E:\wnmp\nginx\html\shop\Runtime\Cache\Home\4b285c522b6ad877f6a5a13ff3f9c885.php 第 1417 行.
NOTIC: [2] Illegal string offset 'content' E:\wnmp\nginx\html\shop\Runtime\Cache\Home\4b285c522b6ad877f6a5a13ff3f9c885.php 第 1417 行.
NOTIC: [8] Uninitialized string offset: 0 E:\wnmp\nginx\html\shop\Runtime\Cache\Home\4b285c522b6ad877f6a5a13ff3f9c885.php 第 1417 行.
INFO: Run Behavior\ParseTemplateBehavior [ RunTime:0.075194s ]
INFO: [ view_parse ] --END-- [ RunTime:0.075233s ]
INFO: [ view_filter ] --START--
INFO: Run Behavior\WriteHtmlCacheBehavior [ RunTime:0.000403s ]
INFO: [ view_filter ] --END-- [ RunTime:0.000446s ]
INFO: [ app_end ] --START--
INFO: Run Behavior\ShowPageTraceBehavior [ RunTime:0.000557s ]
INFO: [ app_end ] --END-- [ RunTime:0.000601s ]

[ 2017-12-26T20:39:35+08:00 ] 127.0.0.1 /shop/index.php/Home/Goods/goods/goods_id/api/cron.php-t=1452023217
INFO: [ app_init ] --START--
INFO: Run Behavior\BuildLiteBehavior [ RunTime:0.000014s ]
INFO: [ app_init ] --END-- [ RunTime:0.000468s ]
INFO: [ app_begin ] --START--
INFO: Run Behavior\ReadHtmlCacheBehavior [ RunTime:0.000630s ]
INFO: [ app_begin ] --END-- [ RunTime:0.000675s ]
SQL: SHOW COLUMNS FROM `cat` [ RunTime:0.0041s ]
SQL: SHOW COLUMNS FROM `goods` [ RunTime:0.0298s ]
SQL: SELECT * FROM `goods` WHERE `goods_id` = 0 LIMIT 1   [ RunTime:0.0003s ]
INFO: [ view_parse ] --START--
INFO: [ template_filter ] --START--
INFO: Run Behavior\ContentReplaceBehavior [ RunTime:0.000331s ]
INFO: [ template_filter ] --END-- [ RunTime:0.000374s ]
NOTIC: [8] Use of undefined constant goods_img - assumed 'goods_img' E:\wnmp\nginx\html\shop\Runtime\Cache\Home\4b285c522b6ad877f6a5a13ff3f9c885.php 第 79 行.
NOTIC: [8] Use of undefined constant goods_name - assumed 'goods_name' E:\wnmp\nginx\html\shop\Runtime\Cache\Home\4b285c522b6ad877f6a5a13ff3f9c885.php 第 79 行.
NOTIC: [8] Use of undefined constant goods_name - assumed 'goods_name' E:\wnmp\nginx\html\shop\Runtime\Cache\Home\4b285c522b6ad877f6a5a13ff3f9c885.php 第 115 行.
NOTIC: [8] Use of undefined constant goods_desc - assumed 'goods_desc' E:\wnmp\nginx\html\shop\Runtime\Cache\Home\4b285c522b6ad877f6a5a13ff3f9c885.php 第 118 行.
NOTIC: [2] Illegal string offset 'email' E:\wnmp\nginx\html\shop\Runtime\Cache\Home\4b285c522b6ad877f6a5a13ff3f9c885.php 第 1417 行.
NOTIC: [8] Uninitialized string offset: 0 E:\wnmp\nginx\html\shop\Runtime\Cache\Home\4b285c522b6ad877f6a5a13ff3f9c885.php 第 1417 行.
NOTIC: [2] Illegal string offset 'content' E:\wnmp\nginx\html\shop\Runtime\Cache\Home\4b285c522b6ad877f6a5a13ff3f9c885.php 第 1417 行.
NOTIC: [8] Uninitialized string offset: 0 E:\wnmp\nginx\html\shop\Runtime\Cache\Home\4b285c522b6ad877f6a5a13ff3f9c885.php 第 1417 行.
INFO: Run Behavior\ParseTemplateBehavior [ RunTime:0.021308s ]
INFO: [ view_parse ] --END-- [ RunTime:0.021342s ]
INFO: [ view_filter ] --START--
INFO: Run Behavior\WriteHtmlCacheBehavior [ RunTime:0.000343s ]
INFO: [ view_filter ] --END-- [ RunTime:0.000372s ]
INFO: [ app_end ] --START--
INFO: Run Behavior\ShowPageTraceBehavior [ RunTime:0.000788s ]
INFO: [ app_end ] --END-- [ RunTime:0.000855s ]

[ 2017-12-26T20:39:40+08:00 ] 127.0.0.1 /shop/index.php/Home/Cat/Cat/cat_id/api/cron.php-t=1452023217
INFO: [ app_init ] --START--
INFO: Run Behavior\BuildLiteBehavior [ RunTime:0.000020s ]
INFO: [ app_init ] --END-- [ RunTime:0.000677s ]
INFO: [ app_begin ] --START--
INFO: Run Behavior\ReadHtmlCacheBehavior [ RunTime:0.000723s ]
INFO: [ app_begin ] --END-- [ RunTime:0.000801s ]
NOTIC: [8] Undefined index: p E:\wnmp\nginx\html\shop\Home\Controller\CatController.class.php 第 13 行.
SQL: SHOW COLUMNS FROM `goods` [ RunTime:0.0059s ]
ERR: 1054:Unknown column 'api' in 'where clause'
 [ SQL语句 ] : SELECT `goods_id`,`goods_name`,`shop_price`,`market_price`,`goods_img` FROM `goods` WHERE ( cat_id=api ) LIMIT 0,4  
ERR: 1054:Unknown column 'api' in 'where clause'
 [ SQL语句 ] : SELECT `goods_id`,`goods_name`,`shop_price`,`market_price`,`goods_img` FROM `goods` WHERE ( cat_id=api ) LIMIT 0,4  

