[ 2018-11-05T16:13:08+08:00 ] 127.0.0.1 /shop/index.php/Admin
INFO: [ app_init ] --START--
INFO: Run Behavior\BuildLiteBehavior [ RunTime:0.000018s ]
INFO: [ app_init ] --END-- [ RunTime:0.000674s ]
INFO: [ app_begin ] --START--
INFO: Run Behavior\ReadHtmlCacheBehavior [ RunTime:0.000555s ]
INFO: [ app_begin ] --END-- [ RunTime:0.000606s ]
INFO: [ view_parse ] --START--
INFO: [ template_filter ] --START--
INFO: Run Behavior\ContentReplaceBehavior [ RunTime:0.000034s ]
INFO: [ template_filter ] --END-- [ RunTime:0.000085s ]
INFO: Run Behavior\ParseTemplateBehavior [ RunTime:0.073320s ]
INFO: [ view_parse ] --END-- [ RunTime:0.073408s ]
INFO: [ view_filter ] --START--
INFO: Run Behavior\WriteHtmlCacheBehavior [ RunTime:0.000411s ]
INFO: [ view_filter ] --END-- [ RunTime:0.000446s ]
INFO: [ app_end ] --START--
INFO: Run Behavior\ShowPageTraceBehavior [ RunTime:0.000583s ]
INFO: [ app_end ] --END-- [ RunTime:0.000620s ]

[ 2018-11-05T16:13:38+08:00 ] 127.0.0.1 /shop/index.php/Admin/index/index
INFO: [ app_init ] --START--
INFO: Run Behavior\BuildLiteBehavior [ RunTime:0.000149s ]
INFO: [ app_init ] --END-- [ RunTime:0.001917s ]
INFO: [ app_begin ] --START--
INFO: Run Behavior\ReadHtmlCacheBehavior [ RunTime:0.000809s ]
INFO: [ app_begin ] --END-- [ RunTime:0.000894s ]
INFO: [ view_parse ] --START--
INFO: [ template_filter ] --START--
INFO: Run Behavior\ContentReplaceBehavior [ RunTime:0.000036s ]
INFO: [ template_filter ] --END-- [ RunTime:0.000092s ]
INFO: Run Behavior\ParseTemplateBehavior [ RunTime:0.005547s ]
INFO: [ view_parse ] --END-- [ RunTime:0.005609s ]
INFO: [ view_filter ] --START--
INFO: Run Behavior\WriteHtmlCacheBehavior [ RunTime:0.000492s ]
INFO: [ view_filter ] --END-- [ RunTime:0.000526s ]
INFO: [ app_end ] --START--
INFO: Run Behavior\ShowPageTraceBehavior [ RunTime:0.000678s ]
INFO: [ app_end ] --END-- [ RunTime:0.000726s ]

[ 2018-11-05T16:13:38+08:00 ] 127.0.0.1 /shop/index.php/Admin/index/top.html
INFO: [ app_init ] --START--
INFO: Run Behavior\BuildLiteBehavior [ RunTime:0.000014s ]
INFO: [ app_init ] --END-- [ RunTime:0.000623s ]
INFO: [ app_begin ] --START--
INFO: Run Behavior\ReadHtmlCacheBehavior [ RunTime:0.000607s ]
INFO: [ app_begin ] --END-- [ RunTime:0.000659s ]
INFO: [ view_parse ] --START--
INFO: [ template_filter ] --START--
INFO: Run Behavior\ContentReplaceBehavior [ RunTime:0.000047s ]
INFO: [ template_filter ] --END-- [ RunTime:0.000096s ]
INFO: Run Behavior\ParseTemplateBehavior [ RunTime:0.139688s ]
INFO: [ view_parse ] --END-- [ RunTime:0.139740s ]
INFO: [ view_filter ] --START--
INFO: Run Behavior\WriteHtmlCacheBehavior [ RunTime:0.000378s ]
INFO: [ view_filter ] --END-- [ RunTime:0.000406s ]
INFO: [ app_end ] --START--
INFO: Run Behavior\ShowPageTraceBehavior [ RunTime:0.000664s ]
INFO: [ app_end ] --END-- [ RunTime:0.000705s ]

[ 2018-11-05T16:13:38+08:00 ] 127.0.0.1 /shop/index.php/Admin/index/left.html
INFO: [ app_init ] --START--
INFO: Run Behavior\BuildLiteBehavior [ RunTime:0.000013s ]
INFO: [ app_init ] --END-- [ RunTime:0.000491s ]
INFO: [ app_begin ] --START--
INFO: Run Behavior\ReadHtmlCacheBehavior [ RunTime:0.000561s ]
INFO: [ app_begin ] --END-- [ RunTime:0.000610s ]
INFO: [ view_parse ] --START--
INFO: [ template_filter ] --START--
INFO: Run Behavior\ContentReplaceBehavior [ RunTime:0.000045s ]
INFO: [ template_filter ] --END-- [ RunTime:0.000096s ]
INFO: Run Behavior\ParseTemplateBehavior [ RunTime:0.046543s ]
INFO: [ view_parse ] --END-- [ RunTime:0.046596s ]
INFO: [ view_filter ] --START--
INFO: Run Behavior\WriteHtmlCacheBehavior [ RunTime:0.000395s ]
INFO: [ view_filter ] --END-- [ RunTime:0.000428s ]
INFO: [ app_end ] --START--
INFO: Run Behavior\ShowPageTraceBehavior [ RunTime:0.000589s ]
INFO: [ app_end ] --END-- [ RunTime:0.000630s ]

[ 2018-11-05T16:13:39+08:00 ] 127.0.0.1 /shop/index.php/Admin/index/drag.html
INFO: [ app_init ] --START--
INFO: Run Behavior\BuildLiteBehavior [ RunTime:0.000015s ]
INFO: [ app_init ] --END-- [ RunTime:0.000482s ]
INFO: [ app_begin ] --START--
INFO: Run Behavior\ReadHtmlCacheBehavior [ RunTime:0.001379s ]
INFO: [ app_begin ] --END-- [ RunTime:0.001466s ]
INFO: [ view_parse ] --START--
INFO: [ template_filter ] --START--
INFO: Run Behavior\ContentReplaceBehavior [ RunTime:0.000031s ]
INFO: [ template_filter ] --END-- [ RunTime:0.000080s ]
INFO: Run Behavior\ParseTemplateBehavior [ RunTime:0.005171s ]
INFO: [ view_parse ] --END-- [ RunTime:0.005222s ]
INFO: [ view_filter ] --START--
INFO: Run Behavior\WriteHtmlCacheBehavior [ RunTime:0.000405s ]
INFO: [ view_filter ] --END-- [ RunTime:0.000437s ]
INFO: [ app_end ] --START--
INFO: Run Behavior\ShowPageTraceBehavior [ RunTime:0.000608s ]
INFO: [ app_end ] --END-- [ RunTime:0.000644s ]

[ 2018-11-05T16:13:39+08:00 ] 127.0.0.1 /shop/index.php/Admin/index/main.html
INFO: [ app_init ] --START--
INFO: Run Behavior\BuildLiteBehavior [ RunTime:0.000012s ]
INFO: [ app_init ] --END-- [ RunTime:0.000474s ]
INFO: [ app_begin ] --START--
INFO: Run Behavior\ReadHtmlCacheBehavior [ RunTime:0.000780s ]
INFO: [ app_begin ] --END-- [ RunTime:0.000836s ]
INFO: [ view_parse ] --START--
INFO: [ template_filter ] --START--
INFO: Run Behavior\ContentReplaceBehavior [ RunTime:0.000050s ]
INFO: [ template_filter ] --END-- [ RunTime:0.000102s ]
INFO: Run Behavior\ParseTemplateBehavior [ RunTime:0.066432s ]
INFO: [ view_parse ] --END-- [ RunTime:0.066510s ]
INFO: [ view_filter ] --START--
INFO: Run Behavior\WriteHtmlCacheBehavior [ RunTime:0.000523s ]
INFO: [ view_filter ] --END-- [ RunTime:0.000571s ]
INFO: [ app_end ] --START--
INFO: Run Behavior\ShowPageTraceBehavior [ RunTime:0.000789s ]
INFO: [ app_end ] --END-- [ RunTime:0.000846s ]

[ 2018-11-05T16:13:39+08:00 ] 127.0.0.1 /shop/index.php/Admin/index/images/ecshop_logo.gif
INFO: [ app_init ] --START--
INFO: Run Behavior\BuildLiteBehavior [ RunTime:0.000012s ]
INFO: [ app_init ] --END-- [ RunTime:0.000468s ]

[ 2018-11-05T16:13:39+08:00 ] 127.0.0.1 /shop/index.php/Admin/index/images/top_loader.gif
INFO: [ app_init ] --START--
INFO: Run Behavior\BuildLiteBehavior [ RunTime:0.000012s ]
INFO: [ app_init ] --END-- [ RunTime:0.000465s ]

[ 2018-11-05T16:13:39+08:00 ] 127.0.0.1 /shop/index.php/Admin/index/images/menu_minus.gif
INFO: [ app_init ] --START--
INFO: Run Behavior\BuildLiteBehavior [ RunTime:0.000018s ]
INFO: [ app_init ] --END-- [ RunTime:0.000748s ]

[ 2018-11-05T16:13:39+08:00 ] 127.0.0.1 /shop/index.php/Admin/index/images/menu_arrow.gif
INFO: [ app_init ] --START--
INFO: Run Behavior\BuildLiteBehavior [ RunTime:0.000019s ]
INFO: [ app_init ] --END-- [ RunTime:0.000702s ]

[ 2018-11-05T16:28:16+08:00 ] 127.0.0.1 /shop/index.php/Admin/index/goodslist.html
INFO: [ app_init ] --START--
INFO: Run Behavior\BuildLiteBehavior [ RunTime:0.000012s ]
INFO: [ app_init ] --END-- [ RunTime:0.000530s ]
INFO: [ app_begin ] --START--
INFO: Run Behavior\ReadHtmlCacheBehavior [ RunTime:0.000611s ]
INFO: [ app_begin ] --END-- [ RunTime:0.000661s ]
ERR: 非法操作:goodslist

[ 2018-11-05T16:28:34+08:00 ] 127.0.0.1 /shop/index.php/Admin/index/index
INFO: [ app_init ] --START--
INFO: Run Behavior\BuildLiteBehavior [ RunTime:0.000012s ]
INFO: [ app_init ] --END-- [ RunTime:0.000453s ]
INFO: [ app_begin ] --START--
INFO: Run Behavior\ReadHtmlCacheBehavior [ RunTime:0.000566s ]
INFO: [ app_begin ] --END-- [ RunTime:0.000615s ]
INFO: [ view_parse ] --START--
INFO: [ template_filter ] --START--
INFO: Run Behavior\ContentReplaceBehavior [ RunTime:0.000067s ]
INFO: [ template_filter ] --END-- [ RunTime:0.000147s ]
INFO: Run Behavior\ParseTemplateBehavior [ RunTime:0.007637s ]
INFO: [ view_parse ] --END-- [ RunTime:0.007689s ]
INFO: [ view_filter ] --START--
INFO: Run Behavior\WriteHtmlCacheBehavior [ RunTime:0.000447s ]
INFO: [ view_filter ] --END-- [ RunTime:0.000480s ]
INFO: [ app_end ] --START--
INFO: Run Behavior\ShowPageTraceBehavior [ RunTime:0.000620s ]
INFO: [ app_end ] --END-- [ RunTime:0.000665s ]

[ 2018-11-05T16:28:34+08:00 ] 127.0.0.1 /shop/index.php/Admin/index/top.html
INFO: [ app_init ] --START--
INFO: Run Behavior\BuildLiteBehavior [ RunTime:0.000013s ]
INFO: [ app_init ] --END-- [ RunTime:0.000450s ]
INFO: [ app_begin ] --START--
INFO: Run Behavior\ReadHtmlCacheBehavior [ RunTime:0.000583s ]
INFO: [ app_begin ] --END-- [ RunTime:0.000636s ]
INFO: [ view_parse ] --START--
INFO: [ template_filter ] --START--
INFO: Run Behavior\ContentReplaceBehavior [ RunTime:0.000073s ]
INFO: [ template_filter ] --END-- [ RunTime:0.000158s ]
INFO: Run Behavior\ParseTemplateBehavior [ RunTime:0.008586s ]
INFO: [ view_parse ] --END-- [ RunTime:0.008669s ]
INFO: [ view_filter ] --START--
INFO: Run Behavior\WriteHtmlCacheBehavior [ RunTime:0.000645s ]
INFO: [ view_filter ] --END-- [ RunTime:0.000694s ]
INFO: [ app_end ] --START--
INFO: Run Behavior\ShowPageTraceBehavior [ RunTime:0.000611s ]
INFO: [ app_end ] --END-- [ RunTime:0.000649s ]

[ 2018-11-05T16:28:34+08:00 ] 127.0.0.1 /shop/index.php/Admin/index/left.html
INFO: [ app_init ] --START--
INFO: Run Behavior\BuildLiteBehavior [ RunTime:0.000016s ]
INFO: [ app_init ] --END-- [ RunTime:0.001649s ]
INFO: [ app_begin ] --START--
INFO: Run Behavior\ReadHtmlCacheBehavior [ RunTime:0.000648s ]
INFO: [ app_begin ] --END-- [ RunTime:0.000708s ]
INFO: [ view_parse ] --START--
INFO: [ template_filter ] --START--
INFO: Run Behavior\ContentReplaceBehavior [ RunTime:0.000044s ]
INFO: [ template_filter ] --END-- [ RunTime:0.000094s ]
INFO: Run Behavior\ParseTemplateBehavior [ RunTime:0.005210s ]
INFO: [ view_parse ] --END-- [ RunTime:0.005255s ]
INFO: [ view_filter ] --START--
INFO: Run Behavior\WriteHtmlCacheBehavior [ RunTime:0.000398s ]
INFO: [ view_filter ] --END-- [ RunTime:0.000430s ]
INFO: [ app_end ] --START--
INFO: Run Behavior\ShowPageTraceBehavior [ RunTime:0.000619s ]
INFO: [ app_end ] --END-- [ RunTime:0.000671s ]

[ 2018-11-05T16:28:34+08:00 ] 127.0.0.1 /shop/index.php/Admin/index/drag.html
INFO: [ app_init ] --START--
INFO: Run Behavior\BuildLiteBehavior [ RunTime:0.000036s ]
INFO: [ app_init ] --END-- [ RunTime:0.002385s ]
INFO: [ app_begin ] --START--
INFO: Run Behavior\ReadHtmlCacheBehavior [ RunTime:0.000587s ]
INFO: [ app_begin ] --END-- [ RunTime:0.000643s ]
INFO: [ view_parse ] --START--
INFO: [ template_filter ] --START--
INFO: Run Behavior\ContentReplaceBehavior [ RunTime:0.000034s ]
INFO: [ template_filter ] --END-- [ RunTime:0.000087s ]
INFO: Run Behavior\ParseTemplateBehavior [ RunTime:0.006689s ]
INFO: [ view_parse ] --END-- [ RunTime:0.006740s ]
INFO: [ view_filter ] --START--
INFO: Run Behavior\WriteHtmlCacheBehavior [ RunTime:0.000388s ]
INFO: [ view_filter ] --END-- [ RunTime:0.000424s ]
INFO: [ app_end ] --START--
INFO: Run Behavior\ShowPageTraceBehavior [ RunTime:0.000632s ]
INFO: [ app_end ] --END-- [ RunTime:0.000671s ]

[ 2018-11-05T16:28:34+08:00 ] 127.0.0.1 /shop/index.php/Admin/index/main.html
INFO: [ app_init ] --START--
INFO: Run Behavior\BuildLiteBehavior [ RunTime:0.000013s ]
INFO: [ app_init ] --END-- [ RunTime:0.000499s ]
INFO: [ app_begin ] --START--
INFO: Run Behavior\ReadHtmlCacheBehavior [ RunTime:0.000584s ]
INFO: [ app_begin ] --END-- [ RunTime:0.000642s ]
INFO: [ view_parse ] --START--
INFO: [ template_filter ] --START--
INFO: Run Behavior\ContentReplaceBehavior [ RunTime:0.000114s ]
INFO: [ template_filter ] --END-- [ RunTime:0.000223s ]
INFO: Run Behavior\ParseTemplateBehavior [ RunTime:0.009582s ]
INFO: [ view_parse ] --END-- [ RunTime:0.009668s ]
INFO: [ view_filter ] --START--
INFO: Run Behavior\WriteHtmlCacheBehavior [ RunTime:0.000475s ]
INFO: [ view_filter ] --END-- [ RunTime:0.000512s ]
INFO: [ app_end ] --START--
INFO: Run Behavior\ShowPageTraceBehavior [ RunTime:0.000626s ]
INFO: [ app_end ] --END-- [ RunTime:0.000668s ]

[ 2018-11-05T16:28:34+08:00 ] 127.0.0.1 /shop/index.php/Admin/index/images/ecshop_logo.gif
INFO: [ app_init ] --START--
INFO: Run Behavior\BuildLiteBehavior [ RunTime:0.000014s ]
INFO: [ app_init ] --END-- [ RunTime:0.000532s ]

[ 2018-11-05T16:28:34+08:00 ] 127.0.0.1 /shop/index.php/Admin/index/images/top_loader.gif
INFO: [ app_init ] --START--
INFO: Run Behavior\BuildLiteBehavior [ RunTime:0.000014s ]
INFO: [ app_init ] --END-- [ RunTime:0.000597s ]

[ 2018-11-05T16:28:34+08:00 ] 127.0.0.1 /shop/index.php/Admin/index/images/menu_minus.gif
INFO: [ app_init ] --START--
INFO: Run Behavior\BuildLiteBehavior [ RunTime:0.000015s ]
INFO: [ app_init ] --END-- [ RunTime:0.000466s ]

[ 2018-11-05T16:28:34+08:00 ] 127.0.0.1 /shop/index.php/Admin/index/images/menu_arrow.gif
INFO: [ app_init ] --START--
INFO: Run Behavior\BuildLiteBehavior [ RunTime:0.000018s ]
INFO: [ app_init ] --END-- [ RunTime:0.001119s ]

[ 2018-11-05T16:28:42+08:00 ] 127.0.0.1 /shop/index.php/Admin/index/catelist.html
INFO: [ app_init ] --START--
INFO: Run Behavior\BuildLiteBehavior [ RunTime:0.000019s ]
INFO: [ app_init ] --END-- [ RunTime:0.000485s ]
INFO: [ app_begin ] --START--
INFO: Run Behavior\ReadHtmlCacheBehavior [ RunTime:0.000601s ]
INFO: [ app_begin ] --END-- [ RunTime:0.000670s ]
ERR: 非法操作:catelist

[ 2018-11-05T16:30:15+08:00 ] 127.0.0.1 /shop/index.php/Admin/goods/goodslist
INFO: [ app_init ] --START--
INFO: Run Behavior\BuildLiteBehavior [ RunTime:0.000012s ]
INFO: [ app_init ] --END-- [ RunTime:0.000544s ]
INFO: [ app_begin ] --START--
INFO: Run Behavior\ReadHtmlCacheBehavior [ RunTime:0.000631s ]
INFO: [ app_begin ] --END-- [ RunTime:0.000675s ]
SQL: SHOW COLUMNS FROM `goods` [ RunTime:0.0056s ]
SQL: SELECT COUNT(*) AS tp_count FROM `goods` LIMIT 1   [ RunTime:0.0003s ]
INFO: [ view_parse ] --START--
INFO: [ template_filter ] --START--
INFO: Run Behavior\ContentReplaceBehavior [ RunTime:0.000073s ]
INFO: [ template_filter ] --END-- [ RunTime:0.000124s ]
INFO: Run Behavior\ParseTemplateBehavior [ RunTime:0.041589s ]
INFO: [ view_parse ] --END-- [ RunTime:0.041647s ]
INFO: [ view_filter ] --START--
INFO: Run Behavior\WriteHtmlCacheBehavior [ RunTime:0.000467s ]
INFO: [ view_filter ] --END-- [ RunTime:0.000506s ]
INFO: [ app_end ] --START--
INFO: Run Behavior\ShowPageTraceBehavior [ RunTime:0.000657s ]
INFO: [ app_end ] --END-- [ RunTime:0.000695s ]

[ 2018-11-05T16:35:53+08:00 ] 127.0.0.1 /shop/index.php/Admin/goods/goodsadd
INFO: [ app_init ] --START--
INFO: Run Behavior\BuildLiteBehavior [ RunTime:0.000012s ]
INFO: [ app_init ] --END-- [ RunTime:0.000542s ]
INFO: [ app_begin ] --START--
INFO: Run Behavior\ReadHtmlCacheBehavior [ RunTime:0.000633s ]
INFO: [ app_begin ] --END-- [ RunTime:0.000686s ]
SQL: SHOW COLUMNS FROM `goods` [ RunTime:0.0061s ]
INFO: [ view_parse ] --START--
INFO: [ template_filter ] --START--
INFO: Run Behavior\ContentReplaceBehavior [ RunTime:0.000065s ]
INFO: [ template_filter ] --END-- [ RunTime:0.000115s ]
INFO: Run Behavior\ParseTemplateBehavior [ RunTime:0.021094s ]
INFO: [ view_parse ] --END-- [ RunTime:0.021145s ]
INFO: [ view_filter ] --START--
INFO: Run Behavior\WriteHtmlCacheBehavior [ RunTime:0.000515s ]
INFO: [ view_filter ] --END-- [ RunTime:0.000549s ]
INFO: [ app_end ] --START--
INFO: Run Behavior\ShowPageTraceBehavior [ RunTime:0.000768s ]
INFO: [ app_end ] --END-- [ RunTime:0.000865s ]

[ 2018-11-05T16:36:00+08:00 ] 127.0.0.1 /shop/index.php/admin/goods/goodsadd.html
INFO: [ app_init ] --START--
INFO: Run Behavior\BuildLiteBehavior [ RunTime:0.000013s ]
INFO: [ app_init ] --END-- [ RunTime:0.000459s ]
INFO: [ app_begin ] --START--
INFO: Run Behavior\ReadHtmlCacheBehavior [ RunTime:0.000567s ]
INFO: [ app_begin ] --END-- [ RunTime:0.000617s ]
SQL: SHOW COLUMNS FROM `goods` [ RunTime:0.0054s ]
NOTIC: [8] Undefined index: validate E:\wnmp\nginx\html\ThinkPHP\Library\Think\Model.class.php 第 1185 行.

[ 2018-11-05T16:38:07+08:00 ] 127.0.0.1 /shop/index.php/Admin/cat/catlist
INFO: [ app_init ] --START--
INFO: Run Behavior\BuildLiteBehavior [ RunTime:0.000012s ]
INFO: [ app_init ] --END-- [ RunTime:0.000503s ]
INFO: [ app_begin ] --START--
INFO: Run Behavior\ReadHtmlCacheBehavior [ RunTime:0.000691s ]
INFO: [ app_begin ] --END-- [ RunTime:0.000742s ]
ERR: 非法操作:catlist

[ 2018-11-05T16:38:15+08:00 ] 127.0.0.1 /shop/index.php/Admin/cat/catelist
INFO: [ app_init ] --START--
INFO: Run Behavior\BuildLiteBehavior [ RunTime:0.000013s ]
INFO: [ app_init ] --END-- [ RunTime:0.000503s ]
INFO: [ app_begin ] --START--
INFO: Run Behavior\ReadHtmlCacheBehavior [ RunTime:0.001890s ]
INFO: [ app_begin ] --END-- [ RunTime:0.002018s ]
SQL: SHOW COLUMNS FROM `cat` [ RunTime:0.0082s ]
SQL: SELECT * FROM `cat`  [ RunTime:0.0006s ]
SQL: SELECT * FROM `cat`  [ RunTime:0.0003s ]
SQL: SELECT * FROM `cat`  [ RunTime:0.0007s ]
SQL: SELECT * FROM `cat`  [ RunTime:0.0003s ]
SQL: SELECT * FROM `cat`  [ RunTime:0.0003s ]
SQL: SELECT * FROM `cat`  [ RunTime:0.0003s ]
SQL: SELECT * FROM `cat`  [ RunTime:0.0003s ]
SQL: SELECT * FROM `cat`  [ RunTime:0.0003s ]
SQL: SELECT * FROM `cat`  [ RunTime:0.0003s ]
SQL: SELECT * FROM `cat`  [ RunTime:0.0003s ]
SQL: SELECT * FROM `cat`  [ RunTime:0.0003s ]
SQL: SELECT * FROM `cat`  [ RunTime:0.0003s ]
SQL: SELECT * FROM `cat`  [ RunTime:0.0003s ]
SQL: SELECT * FROM `cat`  [ RunTime:0.0003s ]
SQL: SELECT * FROM `cat`  [ RunTime:0.0003s ]
INFO: [ view_parse ] --START--
INFO: [ template_filter ] --START--
INFO: Run Behavior\ContentReplaceBehavior [ RunTime:0.000049s ]
INFO: [ template_filter ] --END-- [ RunTime:0.000099s ]
INFO: Run Behavior\ParseTemplateBehavior [ RunTime:0.016330s ]
INFO: [ view_parse ] --END-- [ RunTime:0.016396s ]
INFO: [ view_filter ] --START--
INFO: Run Behavior\WriteHtmlCacheBehavior [ RunTime:0.000632s ]
INFO: [ view_filter ] --END-- [ RunTime:0.000667s ]
INFO: [ app_end ] --START--
INFO: Run Behavior\ShowPageTraceBehavior [ RunTime:0.000895s ]
INFO: [ app_end ] --END-- [ RunTime:0.000985s ]

[ 2018-11-05T16:44:59+08:00 ] 127.0.0.1 /shop/index.php/admin/cat/cateedit/cat_id/1.html
INFO: [ app_init ] --START--
INFO: Run Behavior\BuildLiteBehavior [ RunTime:0.000018s ]
INFO: [ app_init ] --END-- [ RunTime:0.000733s ]
INFO: [ app_begin ] --START--
INFO: Run Behavior\ReadHtmlCacheBehavior [ RunTime:0.000730s ]
INFO: [ app_begin ] --END-- [ RunTime:0.000794s ]
SQL: SHOW COLUMNS FROM `cat` [ RunTime:0.0055s ]
SQL: SELECT * FROM `cat` WHERE `cat_id` = 1 LIMIT 1   [ RunTime:0.0593s ]
SQL: SELECT * FROM `cat`  [ RunTime:0.0003s ]
SQL: SELECT * FROM `cat`  [ RunTime:0.0003s ]
SQL: SELECT * FROM `cat`  [ RunTime:0.0003s ]
SQL: SELECT * FROM `cat`  [ RunTime:0.0003s ]
SQL: SELECT * FROM `cat`  [ RunTime:0.0003s ]
SQL: SELECT * FROM `cat`  [ RunTime:0.0003s ]
SQL: SELECT * FROM `cat`  [ RunTime:0.0003s ]
SQL: SELECT * FROM `cat`  [ RunTime:0.0003s ]
SQL: SELECT * FROM `cat`  [ RunTime:0.0003s ]
SQL: SELECT * FROM `cat`  [ RunTime:0.0003s ]
SQL: SELECT * FROM `cat`  [ RunTime:0.0003s ]
SQL: SELECT * FROM `cat`  [ RunTime:0.0003s ]
SQL: SELECT * FROM `cat`  [ RunTime:0.0003s ]
SQL: SELECT * FROM `cat`  [ RunTime:0.0003s ]
SQL: SELECT * FROM `cat`  [ RunTime:0.0003s ]
INFO: [ view_parse ] --START--
INFO: [ template_filter ] --START--
INFO: Run Behavior\ContentReplaceBehavior [ RunTime:0.000045s ]
INFO: [ template_filter ] --END-- [ RunTime:0.000088s ]
INFO: Run Behavior\ParseTemplateBehavior [ RunTime:0.013980s ]
INFO: [ view_parse ] --END-- [ RunTime:0.014040s ]
INFO: [ view_filter ] --START--
INFO: Run Behavior\WriteHtmlCacheBehavior [ RunTime:0.000469s ]
INFO: [ view_filter ] --END-- [ RunTime:0.000499s ]
INFO: [ app_end ] --START--
INFO: Run Behavior\ShowPageTraceBehavior [ RunTime:0.000676s ]
INFO: [ app_end ] --END-- [ RunTime:0.000708s ]

